app/build/outputs/mapping/release/seeds.txt
com.ms.dob.textonphoto.activity.ShareActivity
com.ms.dob.textonphoto.activity.CategoryListActivity
com.ms.dob.textonphoto.activity.MyCreationActivity
com.ms.dob.textonphoto.activity.MainActivity
com.ms.dob.textonphoto.MyApplication
com.ms.dob.textonphoto.activity.QuoteCategoryListActivity
com.ms.dob.textonphoto.MyApplication_LifecycleAdapter
com.ms.dob.textonphoto.activity.QuoteEditActivity
com.ms.dob.textonphoto.activity.EditPhotoActivity
com.ms.dob.textonphoto.activity.SplashActivity
com.ms.dob.textonphoto.ratiolayout.RatioRelativeLayout
com.ms.dob.textonphoto.activity.QuotesListActivity
com.ms.dob.textonphoto.custom.AutoResizeTextView
com.ms.dob.textonphoto.activity.SelectBackGroundActivity
com.ms.dob.textonphoto.MyApplication_LifecycleAdapter: MyApplication_LifecycleAdapter(com.ms.dob.textonphoto.MyApplication)
com.ms.dob.textonphoto.MyApplication: MyApplication()
com.ms.dob.textonphoto.activity.MainActivity: MainActivity()
com.ms.dob.textonphoto.ratiolayout.RatioRelativeLayout: com.ms.dob.textonphoto.ratiolayout.FixedAttribute getFixedAttribute()
com.ms.dob.textonphoto.MyApplication: void onMoveToForeground()
com.ms.dob.textonphoto.custom.AutoResizeTextView: float getMaxTextSize()
com.ms.dob.textonphoto.custom.AutoResizeTextView: void setMinTextSize(float)
com.ms.dob.textonphoto.ratiolayout.FixedAttribute: com.ms.dob.textonphoto.ratiolayout.FixedAttribute valueOf(java.lang.String)
com.ms.dob.textonphoto.activity.ShareActivity: ShareActivity()
com.ms.dob.textonphoto.custom.AutoResizeTextView: boolean getAddEllipsis()
com.ms.dob.textonphoto.ratiolayout.RatioRelativeLayout: RatioRelativeLayout(android.content.Context,android.util.AttributeSet)
com.ms.dob.textonphoto.ratiolayout.RatioRelativeLayout: float getHorizontalRatio()
com.ms.dob.textonphoto.activity.EditPhotoActivity: EditPhotoActivity()
com.ms.dob.textonphoto.ratiolayout.FixedAttribute: com.ms.dob.textonphoto.ratiolayout.FixedAttribute[] values()
com.ms.dob.textonphoto.custom.AutoResizeTextView: void setAddEllipsis(boolean)
com.ms.dob.textonphoto.custom.AutoResizeTextView: void setOnResizeListener(com.ms.dob.textonphoto.custom.AutoResizeTextView$OnTextResizeListener)
com.ms.dob.textonphoto.activity.SplashActivity: SplashActivity()
com.ms.dob.textonphoto.activity.SelectBackGroundActivity: SelectBackGroundActivity()
com.ms.dob.textonphoto.activity.QuoteCategoryListActivity: QuoteCategoryListActivity()
com.ms.dob.textonphoto.activity.EditPhotoActivity$Clicked_item: com.ms.dob.textonphoto.activity.EditPhotoActivity$Clicked_item valueOf(java.lang.String)
com.ms.dob.textonphoto.activity.MyCreationActivity: MyCreationActivity()
com.ms.dob.textonphoto.custom.AutoResizeTextView: AutoResizeTextView(android.content.Context,android.util.AttributeSet)
com.ms.dob.textonphoto.activity.QuoteEditActivity$Clicked_item: com.ms.dob.textonphoto.activity.QuoteEditActivity$Clicked_item[] values()
com.ms.dob.textonphoto.activity.MainActivity$Clicked_item: com.ms.dob.textonphoto.activity.MainActivity$Clicked_item[] values()
com.ms.dob.textonphoto.activity.CategoryListActivity: CategoryListActivity()
com.ms.dob.textonphoto.custom.AutoResizeTextView: float getMinTextSize()
com.ms.dob.textonphoto.activity.QuoteEditActivity$Clicked_item: com.ms.dob.textonphoto.activity.QuoteEditActivity$Clicked_item valueOf(java.lang.String)
com.ms.dob.textonphoto.activity.QuoteEditActivity: QuoteEditActivity()
com.ms.dob.textonphoto.activity.ShareActivity: void onShareClick(android.view.View)
com.ms.dob.textonphoto.activity.QuotesListActivity$Clicked_item: com.ms.dob.textonphoto.activity.QuotesListActivity$Clicked_item[] values()
com.ms.dob.textonphoto.custom.AutoResizeTextView: void setTextSize(float)
com.ms.dob.textonphoto.activity.QuotesListActivity$Clicked_item: com.ms.dob.textonphoto.activity.QuotesListActivity$Clicked_item valueOf(java.lang.String)
com.ms.dob.textonphoto.activity.EditPhotoActivity$Clicked_item: com.ms.dob.textonphoto.activity.EditPhotoActivity$Clicked_item[] values()
...
androidx.appcompat.view.menu.MenuPopupHelper: android.widget.ListView getListView()
androidx.appcompat.widget.LinearLayoutCompat: int getVirtualChildCount()
androidx.appcompat.widget.SuggestionsAdapter: void bindView(android.view.View,android.content.Context,android.database.Cursor)
androidx.appcompat.widget.ScrollingTabContainerView: androidx.appcompat.widget.ScrollingTabContainerView$TabView createTabView(androidx.appcompat.app.ActionBar$Tab,boolean)
androidx.appcompat.view.menu.BaseMenuPresenter: void bindItemView(androidx.appcompat.view.menu.MenuItemImpl,androidx.appcompat.view.menu.MenuView$ItemView)
androidx.appcompat.graphics.drawable.DrawableWrapper: void setChangingConfigurations(int)
androidx.appcompat.widget.DropDownListView$GateKeeperDrawable: void setHotspotBounds(int,int,int,int)
androidx.appcompat.widget.ListPopupWindow: android.graphics.drawable.Drawable getBackground()
com.google.android.gms.ads.mediation.MediationNativeAdapter: void onPause()
com.rtugeek.android.colorseekbar.ColorSeekBar: void setBarMargin(float)
androidx.appcompat.widget.SwitchCompat: void stopDrag(android.view.MotionEvent)
androidx.appcompat.graphics.drawable.DrawableWrapper: boolean isAutoMirrored()
androidx.appcompat.widget.AppCompatSpinner$DropDownAdapter: boolean areAllItemsEnabled()
androidx.appcompat.widget.ListPopupWindow: void setVerticalOffset(int)
androidx.appcompat.graphics.drawable.DrawableWrapper: void unscheduleDrawable(android.graphics.drawable.Drawable,java.lang.Runnable)
com.wang.avi.AVLoadingIndicatorView: void show()
androidx.core.view.WindowInsetsCompat$TypeImpl30: int toPlatformType(int)
androidx.appcompat.widget.TintTypedArray: int getInt(int,int)
androidx.appcompat.widget.SearchView: boolean requestFocus(int,android.graphics.Rect)
androidx.appcompat.widget.AlertDialogLayout: void onMeasure(int,int)
androidx.appcompat.widget.SuggestionsAdapter: int getQueryRefinement()
com.wang.avi.indicators.PacmanIndicator$3: PacmanIndicator$3(com.wang.avi.indicators.PacmanIndicator)
com.wang.avi.indicators.BallClipRotatePulseIndicator$2: void onAnimationUpdate(android.animation.ValueAnimator)
androidx.appcompat.widget.DecorToolbar: boolean isOverflowMenuShowPending()
androidx.appcompat.widget.ContentFrameLayout: android.util.TypedValue getFixedHeightMajor()
androidx.appcompat.widget.ListPopupWindow: void setContentWidth(int)
androidx.appcompat.widget.ToolbarWidgetWrapper: boolean isOverflowMenuShowPending()
androidx.appcompat.widget.MenuPopupWindow$MenuDropDownListView: boolean hasFocus()
androidx.constraintlayout.widget.ConstraintLayout: void setConstraintSet(androidx.constraintlayout.widget.ConstraintSet)
androidx.appcompat.widget.SearchView: void onQueryRefine(java.lang.CharSequence)
androidx.appcompat.widget.AppCompatSpinner$SavedState: void writeToParcel(android.os.Parcel,int)
androidx.appcompat.widget.ActionMenuPresenter$PopupPresenterCallback: void onCloseMenu(androidx.appcompat.view.menu.MenuBuilder,boolean)
com.google.android.material.button.MaterialButton: android.content.res.ColorStateList getRippleColor()
com.google.android.gms.ads.admanager.AdManagerAdView: void setAppEventListener(com.google.android.gms.ads.admanager.AppEventListener)
androidx.appcompat.widget.AppCompatDrawableManager$1: android.content.res.ColorStateList createSwitchThumbColorStateList(android.content.Context)
androidx.constraintlayout.widget.Barrier: boolean getAllowsGoneWidget()
com.google.android.material.tabs.TabLayout: void setTabIconTintResource(int)
com.google.android.material.bottomappbar.BottomAppBar$Behavior: BottomAppBar$Behavior()
androidx.appcompat.widget.ActionBarContextView: boolean canShowOverflowMenu()
androidx.appcompat.view.menu.ActionMenuItemView$PopupCallback: ActionMenuItemView$PopupCallback()
androidx.appcompat.widget.AppCompatTextView: android.view.inputmethod.InputConnection onCreateInputConnection(android.view.inputmethod.EditorInfo)
androidx.constraintlayout.widget.Barrier: void setMargin(int)