app/build/outputs/mapping/release/usage.txt
com.ms.dob.textonphoto.BuildConfig
com.ms.dob.textonphoto.MyApplication$AppOpenAdManager:
    private static final java.lang.String LOG_TAG
    static synthetic void access$200(com.ms.dob.textonphoto.MyApplication$AppOpenAdManager,android.app.Activity,com.ms.dob.textonphoto.MyApplication$OnShowAdCompleteListener)
com.ms.dob.textonphoto.MyApplication:
    public void setCategoryDataArrayList(java.util.ArrayList)
    public void showAdIfAvailable(android.app.Activity,com.ms.dob.textonphoto.MyApplication$OnShowAdCompleteListener)
com.ms.dob.textonphoto.R$array
com.ms.dob.textonphoto.R$attr
com.ms.dob.textonphoto.R$color
com.ms.dob.textonphoto.R$dimen
com.ms.dob.textonphoto.R$drawable
com.ms.dob.textonphoto.R$id
com.ms.dob.textonphoto.R$layout
com.ms.dob.textonphoto.R$mipmap
com.ms.dob.textonphoto.R$string
com.ms.dob.textonphoto.R$style
com.ms.dob.textonphoto.R$styleable:
    public static final int RatioRelativeLayout_fixed_attribute
    public static final int RatioRelativeLayout_horizontal_ratio
    public static final int RatioRelativeLayout_vertical_ratio
    private void <init>()
com.ms.dob.textonphoto.R
com.ms.dob.textonphoto.activity.EditPhotoActivity:
    private static final java.lang.String TAG
com.ms.dob.textonphoto.activity.MainActivity:
    private static final int PERMISSION_CODE
    private static final java.lang.String TAG
com.ms.dob.textonphoto.activity.MyCreationActivity:
    private static final java.lang.String TAG
com.ms.dob.textonphoto.activity.QuoteCategoryListActivity:
    private static final java.lang.String TAG
com.ms.dob.textonphoto.activity.QuoteEditActivity:
    private static final int MAX_CLICK_DURATION
    private static final java.lang.String TAG
    android.app.Activity mactivity
    public void Sizebarpossitionblur(float)
    private void showLockintro()
com.ms.dob.textonphoto.activity.QuotesListActivity:
    private static final java.lang.String TAG
com.ms.dob.textonphoto.activity.SelectBackGroundActivity:
    private static final java.lang.String TAG
com.ms.dob.textonphoto.activity.ShareActivity:
    public static final java.lang.String FACEBOOK_PACKAGE_NAME
    public static final java.lang.String INSTAGRAM_PACKAGE_NAME
    public static final java.lang.String PINTEREST_PACKAGE_NAME
    public static final java.lang.String TWITTER_PACKAGE_NAME
    public static final java.lang.String WHATS_PACKAGE_NAME
com.ms.dob.textonphoto.adapter.AddImageAdapter:
    static androidx.recyclerview.widget.RecyclerView mrecyclerView
com.ms.dob.textonphoto.adapter.MultiColorAdapter:
    public static java.lang.String[] fontname
com.ms.dob.textonphoto.adapter.QuoteCategoryAdapter:
    private static final java.lang.String TAG
    public static int listViewItemType
    static androidx.recyclerview.widget.RecyclerView mrecyclerView
com.ms.dob.textonphoto.adapter.SelectBackGroundAdapter:
    private static final java.lang.String TAG
    static androidx.recyclerview.widget.RecyclerView mrecyclerView
com.ms.dob.textonphoto.adapter.SelectableAdapter:
    private static final java.lang.String TAG
    public void clearSelection()
    public int getSelectedItemCount()
    public void toggleall_iteamSelection(int)
com.ms.dob.textonphoto.custom.AutoResizeTextView:
    public static final float MIN_TEXT_SIZE
    private static final java.lang.String mEllipsis
    public void <init>(android.content.Context)
    public void resizeText()
com.ms.dob.textonphoto.dialog.EditQuoetsDialog:
    java.lang.String catname
    public android.app.Dialog f52d
com.ms.dob.textonphoto.dialog.InputTextDialogDegine:
    public android.app.Dialog f53d
com.ms.dob.textonphoto.edit.EditDegineFourIDAndSize:
    android.widget.ImageView profile_image_outline
com.ms.dob.textonphoto.fragment.AddImage:
    public void <init>()
com.ms.dob.textonphoto.listener.DoubleClickListener:
    private static final long DOUBLE_CLICK_TIME_DELTA
...
com.google.android.gms.common.stats.StatsEvent$Types
com.google.android.gms.common.stats.StatsEvent
com.google.android.gms.common.stats.StatsUtils
com.google.android.gms.common.stats.WakeLockEvent
com.google.android.gms.common.stats.WakeLockTracker
com.google.android.gms.common.stats.zza
com.google.android.gms.common.util.AndroidUtilsLight
com.google.android.gms.common.util.ArrayUtils:
    private void <init>()
    public static java.lang.Object[] appendToArray(java.lang.Object[],java.lang.Object)
    public static varargs java.lang.Object[] concat(java.lang.Object[][])
    public static varargs byte[] concatByteArrays(byte[][])
    public static java.util.ArrayList newArrayList()
    public static varargs java.lang.Object[] removeAll(java.lang.Object[],java.lang.Object[])
    public static java.util.ArrayList toArrayList(java.lang.Object[])
    public static int[] toPrimitiveArray(java.util.Collection)
    public static java.lang.Integer[] toWrapperArray(int[])
    public static void writeArray(java.lang.StringBuilder,double[])
    public static void writeArray(java.lang.StringBuilder,float[])
    public static void writeArray(java.lang.StringBuilder,int[])
    public static void writeArray(java.lang.StringBuilder,long[])
    public static void writeArray(java.lang.StringBuilder,java.lang.Object[])
    public static void writeArray(java.lang.StringBuilder,boolean[])
    public static void writeStringArray(java.lang.StringBuilder,java.lang.String[])
com.google.android.gms.common.util.Base64Utils:
    public void <init>()
    public static byte[] decode(java.lang.String)
    public static byte[] decodeUrlSafe(java.lang.String)
    public static byte[] decodeUrlSafeNoPadding(java.lang.String)
    public static java.lang.String encodeUrlSafe(byte[])
    public static java.lang.String encodeUrlSafeNoPadding(byte[])
com.google.android.gms.common.util.BiConsumer
com.google.android.gms.common.util.ClientLibraryUtils:
    private void <init>()
    public static int getClientVersion(android.content.Context,java.lang.String)
com.google.android.gms.common.util.Clock$$CC
com.google.android.gms.common.util.Clock:
    public abstract long currentThreadTimeMillis()
com.google.android.gms.common.util.CollectionUtils:
    private void <init>()
    public static boolean isEmpty(java.util.Collection)
    public static java.util.List listOf()
    public static java.util.List listOf(java.lang.Object)
    public static varargs java.util.List listOf(java.lang.Object[])
    public static java.util.Map mapOf(java.lang.Object,java.lang.Object,java.lang.Object,java.lang.Object,java.lang.Object,java.lang.Object,java.lang.Object,java.lang.Object,java.lang.Object,java.lang.Object,java.lang.Object,java.lang.Object)
    public static java.util.Set mutableSetOfWithSize(int)
com.google.android.gms.common.util.CrashUtils:
    public void <init>()
com.google.android.gms.common.util.DataUtils
com.google.android.gms.common.util.DefaultClock:
    public final long currentThreadTimeMillis()
com.google.android.gms.common.util.DeviceProperties:
    private static java.lang.Boolean zza
    private static java.lang.Boolean zzb
    private static java.lang.Boolean zzh
    private void <init>()
    public static boolean isFeaturePhone(android.content.Context)
    public static boolean isTablet(android.content.res.Resources)
    public static boolean isTv(android.content.Context)
    public static boolean isTv(android.content.pm.PackageManager)
    public static boolean isUserBuild()
com.google.android.gms.common.util.GmsVersion
com.google.android.gms.common.util.Hex:
    public void <init>()
    public static java.lang.String bytesToStringUppercase(byte[])
    public static java.lang.String bytesToStringUppercase(byte[],boolean)
com.google.android.gms.common.util.HexDumpUtils
com.google.android.gms.common.util.HttpUtils